0 info it worked if it ends with ok
1 verbose cli [ 'C:\\Program Files\\nodejs\\\\node.exe',
1 verbose cli   'C:\\Program Files\\nodejs\\node_modules\\npm\\bin\\npm-cli.js',
1 verbose cli   'install',
1 verbose cli   '--save',
1 verbose cli   'loadash' ]
2 info using npm@1.4.28
3 info using node@v0.10.32
4 verbose node symlink C:\Program Files\nodejs\\node.exe
5 warn package.json Twitter@ No description
6 warn package.json Twitter@ No repository field.
7 warn package.json Twitter@ No README data
8 verbose readDependencies using package.json deps
9 verbose cache add [ 'loadash', null ]
10 verbose cache add name=undefined spec="loadash" args=["loadash",null]
11 verbose parsed url { protocol: null,
11 verbose parsed url   slashes: null,
11 verbose parsed url   auth: null,
11 verbose parsed url   host: null,
11 verbose parsed url   port: null,
11 verbose parsed url   hostname: null,
11 verbose parsed url   hash: null,
11 verbose parsed url   search: null,
11 verbose parsed url   query: null,
11 verbose parsed url   pathname: 'loadash',
11 verbose parsed url   path: 'loadash',
11 verbose parsed url   href: 'loadash' }
12 silly lockFile e8efc79f-loadash loadash
13 verbose lock loadash C:\Users\Aditya\AppData\Roaming\npm-cache\e8efc79f-loadash.lock
14 silly lockFile e8efc79f-loadash loadash
15 silly lockFile e8efc79f-loadash loadash
16 verbose addNamed [ 'loadash', '' ]
17 verbose addNamed [ null, '*' ]
18 silly lockFile 49b57bea-loadash loadash@
19 verbose lock loadash@ C:\Users\Aditya\AppData\Roaming\npm-cache\49b57bea-loadash.lock
20 silly addNameRange { name: 'loadash', range: '*', hasData: false }
21 verbose request where is /loadash
22 verbose request registry https://registry.npmjs.org/
23 verbose request id f94b03031bfa1517
24 verbose url raw /loadash
25 verbose url resolving [ 'https://registry.npmjs.org/', './loadash' ]
26 verbose url resolved https://registry.npmjs.org/loadash
27 verbose request where is https://registry.npmjs.org/loadash
28 info trying registry request attempt 1 at 16:46:47
29 http GET https://registry.npmjs.org/loadash
30 http 404 https://registry.npmjs.org/loadash
31 verbose headers { date: 'Sun, 05 Apr 2015 23:46:51 GMT',
31 verbose headers   server: 'CouchDB/1.5.0 (Erlang OTP/R16B03)',
31 verbose headers   'content-type': 'application/json',
31 verbose headers   'cache-control': 'max-age=0',
31 verbose headers   'content-length': '51',
31 verbose headers   'accept-ranges': 'bytes',
31 verbose headers   via: '1.1 varnish',
31 verbose headers   age: '0',
31 verbose headers   'x-served-by': 'cache-lax1422-LAX',
31 verbose headers   'x-cache': 'MISS',
31 verbose headers   'x-cache-hits': '0',
31 verbose headers   'x-timer': 'S1428277611.423857,VS0,VE317',
31 verbose headers   'keep-alive': 'timeout=10, max=50',
31 verbose headers   connection: 'Keep-Alive' }
32 silly registry.get cb [ 404,
32 silly registry.get   { date: 'Sun, 05 Apr 2015 23:46:51 GMT',
32 silly registry.get     server: 'CouchDB/1.5.0 (Erlang OTP/R16B03)',
32 silly registry.get     'content-type': 'application/json',
32 silly registry.get     'cache-control': 'max-age=0',
32 silly registry.get     'content-length': '51',
32 silly registry.get     'accept-ranges': 'bytes',
32 silly registry.get     via: '1.1 varnish',
32 silly registry.get     age: '0',
32 silly registry.get     'x-served-by': 'cache-lax1422-LAX',
32 silly registry.get     'x-cache': 'MISS',
32 silly registry.get     'x-cache-hits': '0',
32 silly registry.get     'x-timer': 'S1428277611.423857,VS0,VE317',
32 silly registry.get     'keep-alive': 'timeout=10, max=50',
32 silly registry.get     connection: 'Keep-Alive' } ]
33 silly lockFile 49b57bea-loadash loadash@
34 silly lockFile 49b57bea-loadash loadash@
35 error 404 404 Not Found: loadash
35 error 404
35 error 404 'loadash' is not in the npm registry.
35 error 404 You should bug the author to publish it
35 error 404 It was specified as a dependency of 'Twitter'
35 error 404
35 error 404 Note that you can also install from a
35 error 404 tarball, folder, or http url, or git url.
36 error System Windows_NT 6.2.9200
37 error command "C:\\Program Files\\nodejs\\\\node.exe" "C:\\Program Files\\nodejs\\node_modules\\npm\\bin\\npm-cli.js" "install" "--save" "loadash"
38 error cwd D:\Aditya\Projects\MEAN2\node
39 error node -v v0.10.32
40 error npm -v 1.4.28
41 error code E404
42 verbose exit [ 1, true ]
